<?xml version="1.0" encoding="UTF-8"?>
<!-- Generated by org.testng.reporters.JUnitXMLReporter -->
<testsuite hostname="EPINPUNW011C" ignored="0" name="Default test" tests="3" failures="0" timestamp="2023-05-16T15:54:20 IST" time="10.722" errors="0">
  <testcase name="verifyBStackDemoAddToCart" time="3.018" classname="DesignPatterns.FactoryPattern.FactoryDesignTestCaseOne"/>
  <testcase name="verifyBStackDemoLogo" time="0.946" classname="DesignPatterns.FactoryPattern.FactoryDesignTestCaseOne"/>
  <testcase name="verifyBStackDemoTitle" time="0.454" classname="DesignPatterns.FactoryPattern.FactoryDesignTestCaseOne"/>
</testsuite> <!-- Default test -->
