<?xml version="1.0" encoding="UTF-8"?>
<!-- Generated by org.testng.reporters.JUnitXMLReporter -->
<testsuite ignored="0" hostname="EPINPUNW011C" failures="0" tests="3" name="Test" time="11.565" errors="0" timestamp="2023-05-18T19:16:56 IST">
  <testcase classname="DesignPatterns.FactoryPattern.FactoryDesignTestCaseOne" name="verifyBStackDemoAddToCart" time="2.863"/>
  <testcase classname="DesignPatterns.FactoryPattern.FactoryDesignTestCaseOne" name="verifyBStackDemoTitle" time="4.558"/>
  <testcase classname="DesignPatterns.FactoryPattern.FactoryDesignTestCaseOne" name="verifyBStackDemoLogo" time="6.938"/>
</testsuite> <!-- Test -->
