<?xml version="1.0" encoding="UTF-8"?>
<testng-results ignored="0" total="3" passed="3" failed="0" skipped="0">
  <reporter-output>
  </reporter-output>
  <suite started-at="2023-05-18T19:16:45 IST" name="Suite" finished-at="2023-05-18T19:16:56 IST" duration-ms="11565">
    <groups>
    </groups>
    <test started-at="2023-05-18T19:16:45 IST" name="Test" finished-at="2023-05-18T19:16:56 IST" duration-ms="11565">
      <class name="DesignPatterns.FactoryPattern.FactoryDesignTestCaseOne">
        <test-method is-config="true" signature="beforeTest()[pri:0, instance:DesignPatterns.FactoryPattern.FactoryDesignTestCaseOne@4310d43]" started-at="2023-05-18T19:16:45 IST" name="beforeTest" finished-at="2023-05-18T19:16:49 IST" duration-ms="4379" status="PASS">
          <reporter-output>
          </reporter-output>
        </test-method> <!-- beforeTest -->
        <test-method signature="verifyBStackDemoLogo()[pri:0, instance:DesignPatterns.FactoryPattern.FactoryDesignTestCaseOne@4310d43]" started-at="2023-05-18T19:16:49 IST" name="verifyBStackDemoLogo" finished-at="2023-05-18T19:16:56 IST" duration-ms="6938" status="PASS">
          <reporter-output>
          </reporter-output>
        </test-method> <!-- verifyBStackDemoLogo -->
        <test-method signature="verifyBStackDemoAddToCart()[pri:0, instance:DesignPatterns.FactoryPattern.FactoryDesignTestCaseOne@4310d43]" started-at="2023-05-18T19:16:49 IST" name="verifyBStackDemoAddToCart" finished-at="2023-05-18T19:16:52 IST" duration-ms="2863" status="PASS">
          <reporter-output>
          </reporter-output>
        </test-method> <!-- verifyBStackDemoAddToCart -->
        <test-method signature="verifyBStackDemoTitle()[pri:0, instance:DesignPatterns.FactoryPattern.FactoryDesignTestCaseOne@4310d43]" started-at="2023-05-18T19:16:49 IST" name="verifyBStackDemoTitle" finished-at="2023-05-18T19:16:54 IST" duration-ms="4558" status="PASS">
          <reporter-output>
          </reporter-output>
        </test-method> <!-- verifyBStackDemoTitle -->
        <test-method is-config="true" signature="afterMethod()[pri:0, instance:DesignPatterns.FactoryPattern.FactoryDesignTestCaseOne@4310d43]" started-at="2023-05-18T19:16:56 IST" name="afterMethod" finished-at="2023-05-18T19:16:56 IST" duration-ms="186" status="PASS">
          <reporter-output>
          </reporter-output>
        </test-method> <!-- afterMethod -->
      </class> <!-- DesignPatterns.FactoryPattern.FactoryDesignTestCaseOne -->
    </test> <!-- Test -->
  </suite> <!-- Suite -->
</testng-results>
